<?xml version="1.0" encoding="UTF-8"?>
<testsuite name="com.wilson.ProcessFile.service.SaleServiceTest" tests="1" skipped="0" failures="0" errors="0" timestamp="2019-09-22T22:21:09" hostname="MacBook-Air-de-Wilson.local" time="0.091">
  <properties/>
  <testcase name="idMaxSaleFiles_sucesuful()" classname="com.wilson.ProcessFile.service.SaleServiceTest" time="0.091"/>
  <system-out><![CDATA[19:21:01.848 [Test worker] DEBUG org.springframework.test.context.BootstrapUtils - Instantiating CacheAwareContextLoaderDelegate from class [org.springframework.test.context.cache.DefaultCacheAwareContextLoaderDelegate]
19:21:01.882 [Test worker] DEBUG org.springframework.test.context.BootstrapUtils - Instantiating BootstrapContext using constructor [public org.springframework.test.context.support.DefaultBootstrapContext(java.lang.Class,org.springframework.test.context.CacheAwareContextLoaderDelegate)]
19:21:01.935 [Test worker] DEBUG org.springframework.test.context.BootstrapUtils - Instantiating TestContextBootstrapper for test class [com.wilson.ProcessFile.service.SaleServiceTest] from class [org.springframework.boot.test.context.SpringBootTestContextBootstrapper]
19:21:01.962 [Test worker] INFO org.springframework.boot.test.context.SpringBootTestContextBootstrapper - Neither @ContextConfiguration nor @ContextHierarchy found for test class [com.wilson.ProcessFile.service.SaleServiceTest], using SpringBootContextLoader
19:21:01.970 [Test worker] DEBUG org.springframework.test.context.support.AbstractContextLoader - Did not detect default resource location for test class [com.wilson.ProcessFile.service.SaleServiceTest]: class path resource [com/wilson/ProcessFile/service/SaleServiceTest-context.xml] does not exist
19:21:01.971 [Test worker] DEBUG org.springframework.test.context.support.AbstractContextLoader - Did not detect default resource location for test class [com.wilson.ProcessFile.service.SaleServiceTest]: class path resource [com/wilson/ProcessFile/service/SaleServiceTestContext.groovy] does not exist
19:21:01.971 [Test worker] INFO org.springframework.test.context.support.AbstractContextLoader - Could not detect default resource locations for test class [com.wilson.ProcessFile.service.SaleServiceTest]: no resource found for suffixes {-context.xml, Context.groovy}.
19:21:01.973 [Test worker] INFO org.springframework.test.context.support.AnnotationConfigContextLoaderUtils - Could not detect default configuration classes for test class [com.wilson.ProcessFile.service.SaleServiceTest]: SaleServiceTest does not declare any static, non-private, non-final, nested classes annotated with @Configuration.
19:21:02.055 [Test worker] DEBUG org.springframework.test.context.support.ActiveProfilesUtils - Could not find an 'annotation declaring class' for annotation type [org.springframework.test.context.ActiveProfiles] and class [com.wilson.ProcessFile.service.SaleServiceTest]
19:21:02.233 [Test worker] DEBUG org.springframework.context.annotation.ClassPathScanningCandidateComponentProvider - Identified candidate component class: file [/Users/wilsonjacobsen/Documents/pr/ProcessFile/build/classes/java/main/com/wilson/ProcessFile/ProcessFileApplication.class]
19:21:02.238 [Test worker] INFO org.springframework.boot.test.context.SpringBootTestContextBootstrapper - Found @SpringBootConfiguration com.wilson.ProcessFile.ProcessFileApplication for test class com.wilson.ProcessFile.service.SaleServiceTest
19:21:02.426 [Test worker] DEBUG org.springframework.boot.test.context.SpringBootTestContextBootstrapper - @TestExecutionListeners is not present for class [com.wilson.ProcessFile.service.SaleServiceTest]: using defaults.
19:21:02.427 [Test worker] INFO org.springframework.boot.test.context.SpringBootTestContextBootstrapper - Loaded default TestExecutionListener class names from location [META-INF/spring.factories]: [org.springframework.boot.test.autoconfigure.restdocs.RestDocsTestExecutionListener, org.springframework.boot.test.autoconfigure.web.client.MockRestServiceServerResetTestExecutionListener, org.springframework.boot.test.autoconfigure.web.servlet.MockMvcPrintOnlyOnFailureTestExecutionListener, org.springframework.boot.test.autoconfigure.web.servlet.WebDriverTestExecutionListener, org.springframework.boot.test.mock.mockito.MockitoTestExecutionListener, org.springframework.boot.test.mock.mockito.ResetMocksTestExecutionListener, org.springframework.test.context.web.ServletTestExecutionListener, org.springframework.test.context.support.DirtiesContextBeforeModesTestExecutionListener, org.springframework.test.context.support.DependencyInjectionTestExecutionListener, org.springframework.test.context.support.DirtiesContextTestExecutionListener, org.springframework.test.context.transaction.TransactionalTestExecutionListener, org.springframework.test.context.jdbc.SqlScriptsTestExecutionListener, org.springframework.test.context.event.EventPublishingTestExecutionListener]
19:21:02.447 [Test worker] DEBUG org.springframework.boot.test.context.SpringBootTestContextBootstrapper - Skipping candidate TestExecutionListener [org.springframework.test.context.web.ServletTestExecutionListener] due to a missing dependency. Specify custom listener classes or make the default listener classes and their required dependencies available. Offending class: [javax/servlet/ServletContext]
19:21:02.450 [Test worker] DEBUG org.springframework.boot.test.context.SpringBootTestContextBootstrapper - Skipping candidate TestExecutionListener [org.springframework.test.context.transaction.TransactionalTestExecutionListener] due to a missing dependency. Specify custom listener classes or make the default listener classes and their required dependencies available. Offending class: [org/springframework/transaction/interceptor/TransactionAttributeSource]
19:21:02.451 [Test worker] DEBUG org.springframework.boot.test.context.SpringBootTestContextBootstrapper - Skipping candidate TestExecutionListener [org.springframework.test.context.jdbc.SqlScriptsTestExecutionListener] due to a missing dependency. Specify custom listener classes or make the default listener classes and their required dependencies available. Offending class: [org/springframework/transaction/interceptor/TransactionAttribute]
19:21:02.452 [Test worker] INFO org.springframework.boot.test.context.SpringBootTestContextBootstrapper - Using TestExecutionListeners: [org.springframework.test.context.support.DirtiesContextBeforeModesTestExecutionListener@48ca07b5, org.springframework.boot.test.mock.mockito.MockitoTestExecutionListener@4d2f50, org.springframework.boot.test.autoconfigure.SpringBootDependencyInjectionTestExecutionListener@2f3080f, org.springframework.test.context.support.DirtiesContextTestExecutionListener@203596fa, org.springframework.test.context.event.EventPublishingTestExecutionListener@38dadae6, org.springframework.boot.test.autoconfigure.restdocs.RestDocsTestExecutionListener@51045502, org.springframework.boot.test.autoconfigure.web.client.MockRestServiceServerResetTestExecutionListener@4b2d9c5d, org.springframework.boot.test.autoconfigure.web.servlet.MockMvcPrintOnlyOnFailureTestExecutionListener@47a34184, org.springframework.boot.test.autoconfigure.web.servlet.WebDriverTestExecutionListener@29c0be7c, org.springframework.boot.test.mock.mockito.ResetMocksTestExecutionListener@5a1f4203]
19:21:02.458 [Test worker] DEBUG org.springframework.test.context.support.AbstractDirtiesContextTestExecutionListener - Before test class: context [DefaultTestContext@45d09e4a testClass = SaleServiceTest, testInstance = [null], testMethod = [null], testException = [null], mergedContextConfiguration = [MergedContextConfiguration@b80b009 testClass = SaleServiceTest, locations = '{}', classes = '{class com.wilson.ProcessFile.ProcessFileApplication}', contextInitializerClasses = '[]', activeProfiles = '{}', propertySourceLocations = '{}', propertySourceProperties = '{org.springframework.boot.test.context.SpringBootTestContextBootstrapper=true}', contextCustomizers = set[org.springframework.boot.test.autoconfigure.properties.PropertyMappingContextCustomizer@0, org.springframework.boot.test.autoconfigure.web.servlet.WebDriverContextCustomizerFactory$Customizer@6a9d2fc8, org.springframework.boot.test.context.filter.ExcludeFilterContextCustomizer@363119e1, org.springframework.boot.test.json.DuplicateJsonObjectContextCustomizerFactory$DuplicateJsonObjectContextCustomizer@1a08192e, org.springframework.boot.test.mock.mockito.MockitoContextCustomizer@0, org.springframework.boot.test.web.client.TestRestTemplateContextCustomizer@11d88b4c], contextLoader = 'org.springframework.boot.test.context.SpringBootContextLoader', parent = [null]], attributes = map[[empty]]], class annotated with @DirtiesContext [false] with mode [null].
19:21:03.055 [Test worker] DEBUG org.springframework.test.context.support.DependencyInjectionTestExecutionListener - Performing dependency injection for test context [[DefaultTestContext@45d09e4a testClass = SaleServiceTest, testInstance = com.wilson.ProcessFile.service.SaleServiceTest@7a6869d5, testMethod = [null], testException = [null], mergedContextConfiguration = [MergedContextConfiguration@b80b009 testClass = SaleServiceTest, locations = '{}', classes = '{class com.wilson.ProcessFile.ProcessFileApplication}', contextInitializerClasses = '[]', activeProfiles = '{}', propertySourceLocations = '{}', propertySourceProperties = '{org.springframework.boot.test.context.SpringBootTestContextBootstrapper=true}', contextCustomizers = set[org.springframework.boot.test.autoconfigure.properties.PropertyMappingContextCustomizer@0, org.springframework.boot.test.autoconfigure.web.servlet.WebDriverContextCustomizerFactory$Customizer@6a9d2fc8, org.springframework.boot.test.context.filter.ExcludeFilterContextCustomizer@363119e1, org.springframework.boot.test.json.DuplicateJsonObjectContextCustomizerFactory$DuplicateJsonObjectContextCustomizer@1a08192e, org.springframework.boot.test.mock.mockito.MockitoContextCustomizer@0, org.springframework.boot.test.web.client.TestRestTemplateContextCustomizer@11d88b4c], contextLoader = 'org.springframework.boot.test.context.SpringBootContextLoader', parent = [null]], attributes = map[[empty]]]].
19:21:03.088 [Test worker] DEBUG org.springframework.test.context.support.TestPropertySourceUtils - Adding inlined properties to environment: {spring.jmx.enabled=false, org.springframework.boot.test.context.SpringBootTestContextBootstrapper=true, server.port=-1}

  .   ____          _            __ _ _
 /\\ / ___'_ __ _ _(_)_ __  __ _ \ \ \ \
( ( )\___ | '_ | '_| | '_ \/ _` | \ \ \ \
 \\/  ___)| |_)| | | | | || (_| |  ) ) ) )
  '  |____| .__|_| |_|_| |_\__, | / / / /
 =========|_|==============|___/=/_/_/_/
 :: Spring Boot ::  (v2.2.0.BUILD-SNAPSHOT)

2019-09-22 19:21:08.573  INFO 39081 --- [    Test worker] c.w.ProcessFile.service.SaleServiceTest  : Starting SaleServiceTest on MacBook-Air-de-Wilson.local with PID 39081 (started by wilsonjacobsen in /Users/wilsonjacobsen/Documents/pr/ProcessFile)
2019-09-22 19:21:08.575  INFO 39081 --- [    Test worker] c.w.ProcessFile.service.SaleServiceTest  : No active profile set, falling back to default profiles: default
2019-09-22 19:21:09.695  INFO 39081 --- [    Test worker] o.s.s.c.ThreadPoolTaskScheduler          : Initializing ExecutorService 'taskScheduler'
2019-09-22 19:21:09.725  INFO 39081 --- [    Test worker] c.w.ProcessFile.service.SaleServiceTest  : Started SaleServiceTest in 6.631 seconds (JVM running for 9.695)
]]></system-out>
  <system-err><![CDATA[]]></system-err>
</testsuite>
