<?xml version="1.0" encoding="UTF-8"?>
<testsuite name="com.wilson.ProcessFile.ProcessFileApplicationTests" tests="1" skipped="0" failures="0" errors="0" timestamp="2019-09-22T22:21:09" hostname="MacBook-Air-de-Wilson.local" time="0.01">
  <properties/>
  <testcase name="contextLoads()" classname="com.wilson.ProcessFile.ProcessFileApplicationTests" time="0.01"/>
  <system-out><![CDATA[2019-09-22 19:21:09.954  INFO 39081 --- [    Test worker] .b.t.c.SpringBootTestContextBootstrapper : Neither @ContextConfiguration nor @ContextHierarchy found for test class [com.wilson.ProcessFile.ProcessFileApplicationTests], using SpringBootContextLoader
2019-09-22 19:21:09.956  INFO 39081 --- [    Test worker] o.s.t.c.support.AbstractContextLoader    : Could not detect default resource locations for test class [com.wilson.ProcessFile.ProcessFileApplicationTests]: no resource found for suffixes {-context.xml, Context.groovy}.
2019-09-22 19:21:09.958  INFO 39081 --- [    Test worker] t.c.s.AnnotationConfigContextLoaderUtils : Could not detect default configuration classes for test class [com.wilson.ProcessFile.ProcessFileApplicationTests]: ProcessFileApplicationTests does not declare any static, non-private, non-final, nested classes annotated with @Configuration.
2019-09-22 19:21:09.969  INFO 39081 --- [    Test worker] .b.t.c.SpringBootTestContextBootstrapper : Found @SpringBootConfiguration com.wilson.ProcessFile.ProcessFileApplication for test class com.wilson.ProcessFile.ProcessFileApplicationTests
2019-09-22 19:21:09.975  INFO 39081 --- [    Test worker] .b.t.c.SpringBootTestContextBootstrapper : Loaded default TestExecutionListener class names from location [META-INF/spring.factories]: [org.springframework.boot.test.autoconfigure.restdocs.RestDocsTestExecutionListener, org.springframework.boot.test.autoconfigure.web.client.MockRestServiceServerResetTestExecutionListener, org.springframework.boot.test.autoconfigure.web.servlet.MockMvcPrintOnlyOnFailureTestExecutionListener, org.springframework.boot.test.autoconfigure.web.servlet.WebDriverTestExecutionListener, org.springframework.boot.test.mock.mockito.MockitoTestExecutionListener, org.springframework.boot.test.mock.mockito.ResetMocksTestExecutionListener, org.springframework.test.context.web.ServletTestExecutionListener, org.springframework.test.context.support.DirtiesContextBeforeModesTestExecutionListener, org.springframework.test.context.support.DependencyInjectionTestExecutionListener, org.springframework.test.context.support.DirtiesContextTestExecutionListener, org.springframework.test.context.transaction.TransactionalTestExecutionListener, org.springframework.test.context.jdbc.SqlScriptsTestExecutionListener, org.springframework.test.context.event.EventPublishingTestExecutionListener]
2019-09-22 19:21:09.987  INFO 39081 --- [    Test worker] .b.t.c.SpringBootTestContextBootstrapper : Using TestExecutionListeners: [org.springframework.test.context.support.DirtiesContextBeforeModesTestExecutionListener@e691cc0, org.springframework.boot.test.mock.mockito.MockitoTestExecutionListener@841f26, org.springframework.boot.test.autoconfigure.SpringBootDependencyInjectionTestExecutionListener@692f8a8c, org.springframework.test.context.support.DirtiesContextTestExecutionListener@6f310702, org.springframework.test.context.event.EventPublishingTestExecutionListener@29f89938, org.springframework.boot.test.autoconfigure.restdocs.RestDocsTestExecutionListener@925ce0e, org.springframework.boot.test.autoconfigure.web.client.MockRestServiceServerResetTestExecutionListener@1c4b4e4c, org.springframework.boot.test.autoconfigure.web.servlet.MockMvcPrintOnlyOnFailureTestExecutionListener@7ba543d0, org.springframework.boot.test.autoconfigure.web.servlet.WebDriverTestExecutionListener@167924c5, org.springframework.boot.test.mock.mockito.ResetMocksTestExecutionListener@318bddba]
]]></system-out>
  <system-err><![CDATA[]]></system-err>
</testsuite>
