<?xml version="1.0" encoding="UTF-8"?>
<testsuite name="com.wilson.ProcessFile.ProcessFileApplicationTests" tests="1" skipped="0" failures="0" errors="0" timestamp="2019-09-22T20:47:20" hostname="MacBook-Air-de-Wilson.local" time="0.013">
  <properties/>
  <testcase name="contextLoads()" classname="com.wilson.ProcessFile.ProcessFileApplicationTests" time="0.013"/>
  <system-out><![CDATA[2019-09-22 17:47:20.686  INFO 38897 --- [    Test worker] .b.t.c.SpringBootTestContextBootstrapper : Neither @ContextConfiguration nor @ContextHierarchy found for test class [com.wilson.ProcessFile.ProcessFileApplicationTests], using SpringBootContextLoader
2019-09-22 17:47:20.702  INFO 38897 --- [    Test worker] o.s.t.c.support.AbstractContextLoader    : Could not detect default resource locations for test class [com.wilson.ProcessFile.ProcessFileApplicationTests]: no resource found for suffixes {-context.xml, Context.groovy}.
2019-09-22 17:47:20.702  INFO 38897 --- [    Test worker] t.c.s.AnnotationConfigContextLoaderUtils : Could not detect default configuration classes for test class [com.wilson.ProcessFile.ProcessFileApplicationTests]: ProcessFileApplicationTests does not declare any static, non-private, non-final, nested classes annotated with @Configuration.
2019-09-22 17:47:20.735  INFO 38897 --- [    Test worker] .b.t.c.SpringBootTestContextBootstrapper : Found @SpringBootConfiguration com.wilson.ProcessFile.ProcessFileApplication for test class com.wilson.ProcessFile.ProcessFileApplicationTests
2019-09-22 17:47:20.753  INFO 38897 --- [    Test worker] .b.t.c.SpringBootTestContextBootstrapper : Loaded default TestExecutionListener class names from location [META-INF/spring.factories]: [org.springframework.boot.test.autoconfigure.restdocs.RestDocsTestExecutionListener, org.springframework.boot.test.autoconfigure.web.client.MockRestServiceServerResetTestExecutionListener, org.springframework.boot.test.autoconfigure.web.servlet.MockMvcPrintOnlyOnFailureTestExecutionListener, org.springframework.boot.test.autoconfigure.web.servlet.WebDriverTestExecutionListener, org.springframework.boot.test.mock.mockito.MockitoTestExecutionListener, org.springframework.boot.test.mock.mockito.ResetMocksTestExecutionListener, org.springframework.test.context.web.ServletTestExecutionListener, org.springframework.test.context.support.DirtiesContextBeforeModesTestExecutionListener, org.springframework.test.context.support.DependencyInjectionTestExecutionListener, org.springframework.test.context.support.DirtiesContextTestExecutionListener, org.springframework.test.context.transaction.TransactionalTestExecutionListener, org.springframework.test.context.jdbc.SqlScriptsTestExecutionListener, org.springframework.test.context.event.EventPublishingTestExecutionListener]
2019-09-22 17:47:20.756  INFO 38897 --- [    Test worker] .b.t.c.SpringBootTestContextBootstrapper : Using TestExecutionListeners: [org.springframework.test.context.support.DirtiesContextBeforeModesTestExecutionListener@1264d039, org.springframework.boot.test.mock.mockito.MockitoTestExecutionListener@b2021e7, org.springframework.boot.test.autoconfigure.SpringBootDependencyInjectionTestExecutionListener@635213b, org.springframework.test.context.support.DirtiesContextTestExecutionListener@726f4cf7, org.springframework.test.context.event.EventPublishingTestExecutionListener@463eaf9b, org.springframework.boot.test.autoconfigure.restdocs.RestDocsTestExecutionListener@4c9b91a2, org.springframework.boot.test.autoconfigure.web.client.MockRestServiceServerResetTestExecutionListener@63884df3, org.springframework.boot.test.autoconfigure.web.servlet.MockMvcPrintOnlyOnFailureTestExecutionListener@6b08ad81, org.springframework.boot.test.autoconfigure.web.servlet.WebDriverTestExecutionListener@58f9950c, org.springframework.boot.test.mock.mockito.ResetMocksTestExecutionListener@48ff1930]
]]></system-out>
  <system-err><![CDATA[]]></system-err>
</testsuite>
